-------------------------------------------------------------------------------
Test set: com.products.service.catalog.ProductServiceCacheTest
-------------------------------------------------------------------------------
Tests run: 3, Failures: 2, Errors: 0, Skipped: 0, Time elapsed: 0.197 s <<< FAILURE! -- in com.products.service.catalog.ProductServiceCacheTest
com.products.service.catalog.ProductServiceCacheTest.testGetProductById_Cacheable -- Time elapsed: 0.163 s <<< FAILURE!
org.mockito.exceptions.verification.TooManyActualInvocations: 

repository.findById(1L);
Wanted 1 time:
-> at com.products.service.catalog.ProductServiceCacheTest.testGetProductById_Cacheable(ProductServiceCacheTest.java:65)
But was 2 times:
-> at com.products.service.catalog.service.ProductService.getProductById(ProductService.java:59)
-> at com.products.service.catalog.service.ProductService.getProductById(ProductService.java:59)


	at com.products.service.catalog.ProductServiceCacheTest.testGetProductById_Cacheable(ProductServiceCacheTest.java:65)
	at java.base/java.lang.reflect.Method.invoke(Method.java:569)
	at java.base/java.util.ArrayList.forEach(ArrayList.java:1511)
	at java.base/java.util.ArrayList.forEach(ArrayList.java:1511)

com.products.service.catalog.ProductServiceCacheTest.testUpdateProduct_CacheEvictAndCachePut -- Time elapsed: 0.026 s <<< FAILURE!
org.opentest4j.AssertionFailedError: expected: <1> but was: <null>
	at org.junit.jupiter.api.AssertionFailureBuilder.build(AssertionFailureBuilder.java:151)
	at org.junit.jupiter.api.AssertionFailureBuilder.buildAndThrow(AssertionFailureBuilder.java:132)
	at org.junit.jupiter.api.AssertEquals.failNotEqual(AssertEquals.java:197)
	at org.junit.jupiter.api.AssertEquals.assertEquals(AssertEquals.java:182)
	at org.junit.jupiter.api.AssertEquals.assertEquals(AssertEquals.java:177)
	at org.junit.jupiter.api.Assertions.assertEquals(Assertions.java:656)
	at com.products.service.catalog.ProductServiceCacheTest.testUpdateProduct_CacheEvictAndCachePut(ProductServiceCacheTest.java:81)
	at java.base/java.lang.reflect.Method.invoke(Method.java:569)
	at java.base/java.util.ArrayList.forEach(ArrayList.java:1511)
	at java.base/java.util.ArrayList.forEach(ArrayList.java:1511)

