<?xml version="1.0" encoding="UTF-8"?>
<testsuite xmlns:xsi="http://www.w3.org/2001/XMLSchema-instance" xsi:noNamespaceSchemaLocation="https://maven.apache.org/surefire/maven-surefire-plugin/xsd/surefire-test-report.xsd" version="3.0.2" name="com.products.service.catalog.ProductsControllerTest" time="0.769" tests="6" errors="0" skipped="0" failures="2">
  <properties>
[...]
</properties>
  <testcase name="testCreateProduct" classname="com.products.service.catalog.ProductsControllerTest" time="0.721">
    <failure message="expected: &lt;com.products.service.catalog.dto.ProductDTO@6331250e&gt; but was: &lt;com.products.service.catalog.response.ProductItemResponse@70325d20&gt;" type="org.opentest4j.AssertionFailedError"><![CDATA[org.opentest4j.AssertionFailedError: expected: <com.products.service.catalog.dto.ProductDTO@6331250e> but was: <com.products.service.catalog.response.ProductItemResponse@70325d20>
	at org.junit.jupiter.api.AssertionFailureBuilder.build(AssertionFailureBuilder.java:151)
	at org.junit.jupiter.api.AssertionFailureBuilder.buildAndThrow(AssertionFailureBuilder.java:132)
	at org.junit.jupiter.api.AssertEquals.failNotEqual(AssertEquals.java:197)
	at org.junit.jupiter.api.AssertEquals.assertEquals(AssertEquals.java:182)
	at org.junit.jupiter.api.AssertEquals.assertEquals(AssertEquals.java:177)
	at org.junit.jupiter.api.Assertions.assertEquals(Assertions.java:1145)
	at com.products.service.catalog.ProductsControllerTest.testCreateProduct(ProductsControllerTest.java:92)
	at java.base/java.lang.reflect.Method.invoke(Method.java:569)
	at java.base/java.util.ArrayList.forEach(ArrayList.java:1511)
	at java.base/java.util.ArrayList.forEach(ArrayList.java:1511)
]]></failure>
  </testcase>
  <testcase name="testGetProductsByCategoryAndPrice" classname="com.products.service.catalog.ProductsControllerTest" time="0.011"/>
  <testcase name="testGetProductsByCategoryAndPriceFromDB" classname="com.products.service.catalog.ProductsControllerTest" time="0.002"/>
  <testcase name="testUpdateProduct" classname="com.products.service.catalog.ProductsControllerTest" time="0.005">
    <failure message="expected: &lt;com.products.service.catalog.dto.ProductDTO@5c20ffa8&gt; but was: &lt;null&gt;" type="org.opentest4j.AssertionFailedError"><![CDATA[org.opentest4j.AssertionFailedError: expected: <com.products.service.catalog.dto.ProductDTO@5c20ffa8> but was: <null>
	at org.junit.jupiter.api.AssertionFailureBuilder.build(AssertionFailureBuilder.java:151)
	at org.junit.jupiter.api.AssertionFailureBuilder.buildAndThrow(AssertionFailureBuilder.java:132)
	at org.junit.jupiter.api.AssertEquals.failNotEqual(AssertEquals.java:197)
	at org.junit.jupiter.api.AssertEquals.assertEquals(AssertEquals.java:182)
	at org.junit.jupiter.api.AssertEquals.assertEquals(AssertEquals.java:177)
	at org.junit.jupiter.api.Assertions.assertEquals(Assertions.java:1145)
	at com.products.service.catalog.ProductsControllerTest.testUpdateProduct(ProductsControllerTest.java:107)
	at java.base/java.lang.reflect.Method.invoke(Method.java:569)
	at java.base/java.util.ArrayList.forEach(ArrayList.java:1511)
	at java.base/java.util.ArrayList.forEach(ArrayList.java:1511)
]]></failure>
  </testcase>
  <testcase name="testGetProductById" classname="com.products.service.catalog.ProductsControllerTest" time="0.003"/>
  <testcase name="testDeleteProduct" classname="com.products.service.catalog.ProductsControllerTest" time="0.004"/>
</testsuite>